<?xml version="1.0" encoding="UTF-8"?>
<!-- Generated by org.testng.reporters.JUnitReportReporter -->
<testsuite skipped="0" hostname="DESKTOP-7C7M603" name="com.companyName.projectName.module.testCases.TC001_Create_An_Account" tests="1" failures="0" timestamp="21 Jul 2019 03:29:15 GMT" time="36.778" errors="0">
  <testcase name="TC001_Create_an_Account" time="36.778" classname="com.companyName.projectName.module.testCases.TC001_Create_An_Account"/>
</testsuite> <!-- com.companyName.projectName.module.testCases.TC001_Create_An_Account -->
